<?xml version="1.0" encoding="UTF-8"?>
<!-- Generated by org.testng.reporters.JUnitReportReporter -->
<testsuite hostname="DESKTOP-H49206H" failures="0" tests="1" name="allmodules.TitleVerification" time="0.115" errors="0" timestamp="2025-09-02T22:40:31 IST" skipped="0">
  <testcase classname="allmodules.TitleVerification" name="VerifyTitel" time="0.115"/>
</testsuite> <!-- allmodules.TitleVerification -->
