<?xml version="1.0" encoding="UTF-8"?>
<!-- Generated by org.testng.reporters.JUnitReportReporter -->
<testsuite hostname="DESKTOP-H49206H" failures="0" tests="1" name="allmodules.WindowHandle" time="12.425" errors="0" timestamp="2025-09-03T01:25:07 IST" skipped="0">
  <testcase classname="allmodules.WindowHandle" name="windowhandle" time="12.425"/>
</testsuite> <!-- allmodules.WindowHandle -->
