<?xml version="1.0" encoding="UTF-8"?>
<!-- Generated by org.testng.reporters.JUnitReportReporter -->
<testsuite hostname="DESKTOP-H49206H" failures="0" tests="1" name="allmodules.PageSource" time="0.229" errors="0" timestamp="2025-09-02T22:55:43 IST" skipped="0">
  <testcase classname="allmodules.PageSource" name="Page_Source" time="0.229"/>
</testsuite> <!-- allmodules.PageSource -->
