<?xml version="1.0" encoding="UTF-8"?>
<!-- Generated by org.testng.reporters.JUnitReportReporter -->
<testsuite hostname="DESKTOP-H49206H" failures="0" tests="1" name="allmodules.GetCurrentUrl" time="0.073" errors="0" timestamp="2025-09-02T23:15:29 IST" skipped="0">
  <testcase classname="allmodules.GetCurrentUrl" name="getCurrentUrl" time="0.073"/>
</testsuite> <!-- allmodules.GetCurrentUrl -->
