<?xml version="1.0" encoding="UTF-8"?>
<!-- Generated by org.testng.reporters.JUnitReportReporter -->
<testsuite hostname="DESKTOP-H49206H" failures="0" tests="1" name="allmodules.test" time="19.815" errors="0" timestamp="2025-09-03T15:33:12 IST" skipped="0">
  <testcase classname="allmodules.test" name="window" time="19.815"/>
</testsuite> <!-- allmodules.test -->
