<?xml version="1.0" encoding="UTF-8"?>
<!-- Generated by org.testng.reporters.JUnitReportReporter -->
<testsuite hostname="DESKTOP-H49206H" failures="0" tests="1" name="allmodules.LunchBrowser" time="6.275" errors="0" timestamp="2025-09-02T22:13:48 IST" skipped="0">
  <testcase classname="allmodules.LunchBrowser" name="Lunch" time="6.275"/>
</testsuite> <!-- allmodules.LunchBrowser -->
