<?xml version="1.0" encoding="UTF-8"?>
<!-- Generated by org.testng.reporters.JUnitReportReporter -->
<testsuite hostname="DESKTOP-H49206H" failures="0" tests="1" name="allmodules.WindowHandles" time="13.311" errors="0" timestamp="2025-09-03T12:41:01 IST" skipped="0">
  <testcase classname="allmodules.WindowHandles" name="windowhandle" time="13.311"/>
</testsuite> <!-- allmodules.WindowHandles -->
